<?xml version="1.0" encoding="UTF-8"?>
<!-- Generated by org.testng.reporters.JUnitXMLReporter -->
<testsuite ignored="0" hostname="User" failures="0" tests="17" name="Default test" time="164.387" errors="0" timestamp="2023-07-25T22:40:18 EDT">
  <testcase classname="testNGbasics.DataDrivenTesting" name="searchFunctionalityUIelementValidation" time="17.808"/>
  <testcase classname="testNGbasics.DataDrivenTesting" name="positiveSearchFunctionalityTestByHittingEnterKey" time="12.108"/>
  <testcase classname="testNGbasics.DataDrivenTesting" name="positiveSearchFunctionalityTestByHittingEnterKey" time="6.119"/>
  <testcase classname="testNGbasics.DataDrivenTesting" name="positiveSearchFunctionalityTestByHittingEnterKey" time="6.33"/>
  <testcase classname="testNGbasics.DataDrivenTesting" name="positiveSearchFunctionalityTestByHittingEnterKey" time="5.444"/>
  <testcase classname="testNGbasics.DataDrivenTesting" name="positiveSearchFunctionalityTestByHittingEnterKey" time="6.642"/>
  <testcase classname="testNGbasics.DataDrivenTesting" name="positiveSearchFunctionalityTestByClickingSearchBtn" time="7.833"/>
  <testcase classname="testNGbasics.DataDrivenTesting" name="positiveSearchFunctionalityTestByClickingSearchBtn" time="6.62"/>
  <testcase classname="testNGbasics.DataDrivenTesting" name="positiveSearchFunctionalityTestByClickingSearchBtn" time="8.462"/>
  <testcase classname="testNGbasics.DataDrivenTesting" name="positiveSearchFunctionalityTestByClickingSearchBtn" time="5.996"/>
  <testcase classname="testNGbasics.DataDrivenTesting" name="positiveSearchFunctionalityTestByClickingSearchBtn" time="7.262"/>
  <testcase classname="testNGbasics.DataDrivenTesting" name="negativeSearchFunctionalityTestByHittingEnterKey" time="5.084"/>
  <testcase classname="testNGbasics.DataDrivenTesting" name="negativeSearchFunctionalityTestByHittingEnterKey" time="5.517"/>
  <testcase classname="testNGbasics.DataDrivenTesting" name="negativeSearchFunctionalityTestByHittingEnterKey" time="5.473"/>
  <testcase classname="testNGbasics.DataDrivenTesting" name="negativeSearchFunctionalityTestByClickingSearchBtn" time="4.76"/>
  <testcase classname="testNGbasics.DataDrivenTesting" name="negativeSearchFunctionalityTestByClickingSearchBtn" time="4.911"/>
  <testcase classname="testNGbasics.DataDrivenTesting" name="negativeSearchFunctionalityTestByClickingSearchBtn" time="5.76"/>
</testsuite> <!-- Default test -->
